2026-06-15 13:51:52,869 [INFO] __main__: Loading data from C:\Users\nicho\Desktop\Projects\data-accuracy\tfrrs.db …
2026-06-15 13:52:02,832 [INFO] __main__: Loaded 241664 best-mark rows (focus events)
2026-06-15 13:52:03,492 [INFO] __main__: Loaded 68712 season rows
2026-06-15 13:52:03,492 [INFO] __main__: Computing year-by-year NCAA field percentiles …
2026-06-15 13:52:03,760 [INFO] __main__: Computing progression curves …
2026-06-15 13:55:35,304 [INFO] __main__: Loading data from C:\Users\nicho\Desktop\Projects\data-accuracy\tfrrs.db …
2026-06-15 13:55:44,760 [INFO] __main__: Loaded 241664 best-mark rows (focus events)
2026-06-15 13:55:45,363 [INFO] __main__: Loaded 68712 season rows
2026-06-15 13:55:45,364 [INFO] __main__: Computing year-by-year NCAA field percentiles …
2026-06-15 13:55:45,598 [INFO] __main__: Computing progression curves …
2026-06-15 13:56:47,295 [INFO] __main__: Persisted 40 progression_stats rows
2026-06-15 13:56:47,296 [INFO] __main__: Computing breakout rates …
2026-06-15 14:00:21,324 [INFO] __main__: Persisted 40 progression_stats rows
2026-06-15 14:00:21,325 [INFO] __main__: Computing breakout rates …
2026-06-15 14:07:50,388 [INFO] __main__: Computing attrition …
2026-06-15 14:07:50,543 [INFO] __main__: Computing ratings …
2026-06-15 14:07:50,975 [INFO] __main__: Computing rating transitions …
2026-06-15 14:11:38,320 [INFO] __main__: Computing attrition …
2026-06-15 14:11:38,482 [INFO] __main__: Computing ratings …
2026-06-15 14:11:38,931 [INFO] __main__: Computing rating transitions …
2026-06-15 14:52:17,433 [INFO] __main__: Computing percentile tables …
2026-06-15 14:52:17,801 [INFO] __main__:   Wrote development_curves.json (9320 bytes)
2026-06-15 14:52:17,817 [INFO] __main__:   Wrote attrition_rates.json (686 bytes)
2026-06-15 14:52:21,544 [INFO] __main__:   Wrote breakout_rates.json (14474402 bytes)
2026-06-15 14:52:21,560 [INFO] __main__:   Wrote rating_transitions.json (473 bytes)
2026-06-15 14:52:21,560 [INFO] __main__:   Wrote percentile_tables.json (1918 bytes)
2026-06-15 14:52:21,576 [INFO] __main__:   Wrote progression_full.json (36990 bytes)
2026-06-15 14:52:21,592 [INFO] __main__:   Wrote yearly_trends.json (41025 bytes)
2026-06-15 14:52:21,787 [INFO] __main__:   Wrote analysis_summary.json (204 bytes)
2026-06-15 14:52:21,787 [INFO] __main__: Analysis complete. Outputs in C:\Users\nicho\Desktop\Projects\data-accuracy\output
2026-06-15 15:46:22,284 [INFO] __main__: Computing percentile tables …
2026-06-15 15:46:22,795 [INFO] __main__:   Wrote development_curves.json (9320 bytes)
2026-06-15 15:46:22,811 [INFO] __main__:   Wrote attrition_rates.json (686 bytes)
2026-06-15 15:46:27,818 [INFO] __main__:   Wrote breakout_rates.json (14474402 bytes)
2026-06-15 15:46:27,818 [INFO] __main__:   Wrote rating_transitions.json (473 bytes)
2026-06-15 15:46:27,833 [INFO] __main__:   Wrote percentile_tables.json (1918 bytes)
2026-06-15 15:46:27,865 [INFO] __main__:   Wrote progression_full.json (36990 bytes)
2026-06-15 15:46:27,883 [INFO] __main__:   Wrote yearly_trends.json (41025 bytes)
2026-06-15 15:46:28,152 [INFO] __main__:   Wrote analysis_summary.json (204 bytes)
2026-06-15 15:46:28,152 [INFO] __main__: Analysis complete. Outputs in C:\Users\nicho\Desktop\Projects\data-accuracy\output
2026-06-15 20:26:47,260 [INFO] __main__: Loading data from C:\Users\nicho\Desktop\Projects\data-accuracy\tfrrs.db …
2026-06-15 20:27:13,028 [INFO] __main__: Loaded 241509 best-mark rows (focus events)
2026-06-15 20:27:14,736 [INFO] __main__: Loaded 68712 season rows
2026-06-15 20:27:14,736 [INFO] __main__: Computing year-by-year NCAA field percentiles …
2026-06-15 20:27:15,420 [INFO] __main__: Computing progression curves …
2026-06-15 20:42:44,426 [INFO] __main__: Persisted 40 progression_stats rows
2026-06-15 20:42:44,427 [INFO] __main__: Computing breakout rates …
2026-06-15 20:52:17,842 [INFO] __main__: Loading data from C:\Users\nicho\Desktop\Projects\data-accuracy\tfrrs.db …
2026-06-15 20:53:11,549 [INFO] __main__: Loaded 241509 best-mark rows (focus events)
2026-06-15 20:53:14,646 [INFO] __main__: Loaded 68712 season rows
2026-06-15 20:53:14,646 [INFO] __main__: Computing year-by-year NCAA field percentiles …
2026-06-15 20:53:15,963 [INFO] __main__: Computing progression curves …
2026-06-15 21:12:30,127 [INFO] __main__: Computing attrition …
2026-06-15 21:12:31,131 [INFO] __main__: Computing ratings …
2026-06-15 21:12:33,736 [INFO] __main__: Computing percentile tables …
2026-06-15 21:12:34,188 [INFO] __main__: Computing rating transitions …
2026-06-15 21:20:14,201 [INFO] __main__: Persisted 40 progression_stats rows
2026-06-15 21:20:14,201 [INFO] __main__: Computing breakout rates …
2026-06-15 21:31:17,144 [INFO] __main__:   Wrote development_curves.json (9289 bytes)
2026-06-15 21:31:17,144 [INFO] __main__:   Wrote attrition_rates.json (686 bytes)
2026-06-15 21:31:17,942 [INFO] __main__:   Wrote breakout_rates.json (14255320 bytes)
2026-06-15 21:31:19,659 [INFO] __main__:   Wrote rating_transitions.json (32295388 bytes)
2026-06-15 21:31:19,662 [INFO] __main__:   Wrote percentile_tables.json (1912 bytes)
2026-06-15 21:31:19,662 [INFO] __main__:   Wrote progression_full.json (37011 bytes)
2026-06-15 21:31:19,666 [INFO] __main__:   Wrote yearly_trends.json (41033 bytes)
2026-06-15 21:31:19,695 [INFO] __main__:   Wrote analysis_summary.json (204 bytes)
2026-06-15 21:31:19,697 [INFO] __main__: Analysis complete. Outputs in C:\Users\nicho\Desktop\Projects\data-accuracy\output
2026-06-15 21:31:37,289 [INFO] __main__: Computing attrition …
2026-06-15 21:31:37,459 [INFO] __main__: Computing ratings …
2026-06-15 21:31:37,845 [INFO] __main__: Computing percentile tables …
2026-06-15 21:31:37,976 [INFO] __main__: Computing rating transitions …
2026-06-15 21:40:57,832 [INFO] __main__:   Wrote development_curves.json (9289 bytes)
2026-06-15 21:40:57,833 [INFO] __main__:   Wrote attrition_rates.json (686 bytes)
2026-06-15 21:40:58,650 [INFO] __main__:   Wrote breakout_rates.json (14255320 bytes)
2026-06-15 21:41:00,339 [INFO] __main__:   Wrote rating_transitions.json (32295388 bytes)
2026-06-15 21:41:00,339 [INFO] __main__:   Wrote percentile_tables.json (1912 bytes)
2026-06-15 21:41:00,339 [INFO] __main__:   Wrote progression_full.json (37011 bytes)
2026-06-15 21:41:00,339 [INFO] __main__:   Wrote yearly_trends.json (41033 bytes)
2026-06-15 21:41:00,377 [INFO] __main__:   Wrote analysis_summary.json (204 bytes)
2026-06-15 21:41:00,377 [INFO] __main__: Analysis complete. Outputs in C:\Users\nicho\Desktop\Projects\data-accuracy\output
